<?xml version="1.0" encoding="UTF-8"?>
<testsuites tests="2" failures="0" disabled="0" errors="0" time="0.011" timestamp="2022-12-15T12:13:41" name="AllTests">
  <testsuite name="TaskPlanningFixture" tests="1" failures="0" disabled="0" errors="0" time="0" timestamp="2022-12-15T12:13:41">
    <testcase name="goalPoseCheck" status="run" result="completed" time="0" timestamp="2022-12-15T12:13:41" classname="autonomous-warehouse-inspection.TaskPlanningFixture" />
  </testsuite>
  <testsuite name="TaskInspection" tests="1" failures="0" disabled="0" errors="0" time="0.011" timestamp="2022-12-15T12:13:41">
    <testcase name="test_for_num_publishers" status="run" result="completed" time="0.011" timestamp="2022-12-15T12:13:41" classname="autonomous-warehouse-inspection.TaskInspection" />
  </testsuite>
</testsuites>
